[debug] [2023-05-14T22:08:34.092Z] ----------------------------------------------------------------------
[debug] [2023-05-14T22:08:34.096Z] Command:       C:\Program Files\nodejs\node.exe C:\Users\Nuckles\AppData\Roaming\npm\node_modules\firebase-tools\lib\bin\firebase.js init
[debug] [2023-05-14T22:08:34.097Z] CLI Version:   12.0.0
[debug] [2023-05-14T22:08:34.098Z] Platform:      win32
[debug] [2023-05-14T22:08:34.098Z] Node Version:  v18.9.0
[debug] [2023-05-14T22:08:34.113Z] Time:          Sun May 14 2023 15:08:34 GMT-0700 (Pacific Daylight Time)
[debug] [2023-05-14T22:08:34.113Z] ----------------------------------------------------------------------
[debug] 
[debug] [2023-05-14T22:08:34.301Z] > command requires scopes: ["email","openid","https://www.googleapis.com/auth/cloudplatformprojects.readonly","https://www.googleapis.com/auth/firebase","https://www.googleapis.com/auth/cloud-platform"]
[debug] [2023-05-14T22:08:34.302Z] > authorizing via signed-in user (danyxcharge@gmail.com)
[info] 
     ######## #### ########  ######## ########     ###     ######  ########
     ##        ##  ##     ## ##       ##     ##  ##   ##  ##       ##
     ######    ##  ########  ######   ########  #########  ######  ######
     ##        ##  ##    ##  ##       ##     ## ##     ##       ## ##
     ##       #### ##     ## ######## ########  ##     ##  ######  ########

You're about to initialize a Firebase project in this directory:

  C:\Users\Nuckles\portfoli\portfolio\portfolio

Before we get started, keep in mind:

  * You are initializing within an existing Firebase project directory

